0 info it worked if it ends with ok
1 verbose cli [ '/home/hadoop/.nvm/versions/node/v6.3.1/bin/node',
1 verbose cli   '/home/hadoop/.nvm/versions/node/v6.3.1/bin/npm',
1 verbose cli   'start' ]
2 info using npm@3.10.3
3 info using node@v6.3.1
4 verbose run-script [ 'prestart', 'start', 'poststart' ]
5 info lifecycle memo_web@0.0.0~prestart: memo_web@0.0.0
6 silly lifecycle memo_web@0.0.0~prestart: no script for prestart, continuing
7 info lifecycle memo_web@0.0.0~start: memo_web@0.0.0
8 verbose lifecycle memo_web@0.0.0~start: unsafe-perm in lifecycle true
9 verbose lifecycle memo_web@0.0.0~start: PATH: /home/hadoop/.nvm/versions/node/v6.3.1/lib/node_modules/npm/bin/node-gyp-bin:/bigdata/web/memo_web/node_modules/.bin:/home/hadoop/.nvm/versions/node/v6.3.1/bin:/bigdata/jdk/bin:/home/hadoop/.nvm/versions/node/v6.3.1/bin:/usr/local/bin:/bin:/usr/bin:/usr/local/sbin:/usr/sbin:/sbin:/home/hadoop/bin:/bigdata/hadoop/bin:/bigdata/hadoop/sbin:/bigdata/spark/bin:/bigdata/spark/sbin:/bigdata/hive/bin:/bigdata/maven/bin
10 verbose lifecycle memo_web@0.0.0~start: CWD: /bigdata/web/memo_web
11 silly lifecycle memo_web@0.0.0~start: Args: [ '-c', 'node ./bin/www' ]
12 silly lifecycle memo_web@0.0.0~start: Returned: code: 1  signal: null
13 info lifecycle memo_web@0.0.0~start: Failed to exec start script
14 verbose stack Error: memo_web@0.0.0 start: `node ./bin/www`
14 verbose stack Exit status 1
14 verbose stack     at EventEmitter.<anonymous> (/home/hadoop/.nvm/versions/node/v6.3.1/lib/node_modules/npm/lib/utils/lifecycle.js:242:16)
14 verbose stack     at emitTwo (events.js:106:13)
14 verbose stack     at EventEmitter.emit (events.js:191:7)
14 verbose stack     at ChildProcess.<anonymous> (/home/hadoop/.nvm/versions/node/v6.3.1/lib/node_modules/npm/lib/utils/spawn.js:40:14)
14 verbose stack     at emitTwo (events.js:106:13)
14 verbose stack     at ChildProcess.emit (events.js:191:7)
14 verbose stack     at maybeClose (internal/child_process.js:852:16)
14 verbose stack     at Process.ChildProcess._handle.onexit (internal/child_process.js:215:5)
15 verbose pkgid memo_web@0.0.0
16 verbose cwd /bigdata/web/memo_web
17 error Linux 2.6.32-358.el6.x86_64
18 error argv "/home/hadoop/.nvm/versions/node/v6.3.1/bin/node" "/home/hadoop/.nvm/versions/node/v6.3.1/bin/npm" "start"
19 error node v6.3.1
20 error npm  v3.10.3
21 error code ELIFECYCLE
22 error memo_web@0.0.0 start: `node ./bin/www`
22 error Exit status 1
23 error Failed at the memo_web@0.0.0 start script 'node ./bin/www'.
23 error Make sure you have the latest version of node.js and npm installed.
23 error If you do, this is most likely a problem with the memo_web package,
23 error not with npm itself.
23 error Tell the author that this fails on your system:
23 error     node ./bin/www
23 error You can get information on how to open an issue for this project with:
23 error     npm bugs memo_web
23 error Or if that isn't available, you can get their info via:
23 error     npm owner ls memo_web
23 error There is likely additional logging output above.
24 verbose exit [ 1, true ]
